<?xml version="1.0" encoding="UTF-8"?>
<!-- Generated by org.testng.reporters.JUnitXMLReporter -->
<testsuite hostname="DESKTOP-QRA9R3I" ignored="2" name="grouping" tests="3" failures="0" timestamp="2019-12-10T16:11:19 IST" time="86.778" errors="0">
  <testcase name="_002_logingWitheCorrectUserNameQPassword" time="20.649" classname="il.co.fisheye.tests._002_logingWitheCorrectUserNameQPasswordTest"/>
  <testcase name="_004_changeUserName" time="27.584" classname="il.co.fisheye.tests._004_changeUserNameTest"/>
  <testcase name="_005_SystemLogOut" time="26.409" classname="il.co.fisheye.tests._005_SystemLogOutTest"/>
  <testcase name="@AfterSuite afterClass" time="0.0" classname="il.co.fisheye.tests.AbstractTestFisheye">
    <ignored/>
  </testcase> <!-- @AfterSuite afterClass -->
  <testcase name="@AfterSuite afterClass" time="0.0" classname="il.co.fisheye.tests.AbstractTestFisheye">
    <ignored/>
  </testcase> <!-- @AfterSuite afterClass -->
</testsuite> <!-- grouping -->
