<?xml version="1.0" encoding="UTF-8"?>
<!-- Generated by org.testng.reporters.JUnitXMLReporter -->
<testsuite hostname="DESKTOP-QRA9R3I" ignored="2" name="grouping" tests="3" failures="0" timestamp="2019-12-09T22:17:36 IST" time="60.93" errors="0">
  <testcase name="_002_logingWitheCorrectUserNameQPassword" time="9.174" classname="il.co.fisheye.tests._002_logingWitheCorrectUserNameQPasswordTest"/>
  <testcase name="_004_changeUserName" time="23.685" classname="il.co.fisheye.tests._004_changeUserNameTest"/>
  <testcase name="_005_SystemLogOut" time="16.312" classname="il.co.fisheye.tests._005_SystemLogOutTest"/>
  <testcase name="@AfterSuite afterClass" time="0.0" classname="il.co.fisheye.tests.AbstractTestFisheye">
    <ignored/>
  </testcase> <!-- @AfterSuite afterClass -->
  <testcase name="@AfterSuite afterClass" time="0.0" classname="il.co.fisheye.tests.AbstractTestFisheye">
    <ignored/>
  </testcase> <!-- @AfterSuite afterClass -->
</testsuite> <!-- grouping -->
