<?xml version="1.0" encoding="UTF-8"?>
<!-- Generated by org.testng.reporters.JUnitXMLReporter -->
<testsuite hostname="DESKTOP-QRA9R3I" ignored="1" name="Grouping" tests="2" failures="0" timestamp="2019-12-10T16:51:03 IST" time="37.032" errors="0">
  <testcase name="_007_SearchingByHebrewMovieName" time="11.669" classname="il.co.fisheye.tests._007_SearchingByHebrewMovieNameTest"/>
  <testcase name="_008_SearchingByEnglishMovieName" time="16.533" classname="il.co.fisheye.tests._008_SearchingByEnglishMovieNameTest"/>
  <testcase name="@AfterSuite afterClass" time="0.0" classname="il.co.fisheye.tests.AbstractTestFisheye">
    <ignored/>
  </testcase> <!-- @AfterSuite afterClass -->
</testsuite> <!-- Grouping -->
