<?xml version="1.0" encoding="UTF-8"?>
<testng-results skipped="0" failed="0" ignored="1" total="3" passed="2">
  <reporter-output>
  </reporter-output>
  <suite name="Suite" duration-ms="37032" started-at="2019-12-10T16:50:26 IST" finished-at="2019-12-10T16:51:03 IST">
    <groups>
      <group name="Group1">
        <method signature="_007_SearchingByHebrewMovieNameTest._007_SearchingByHebrewMovieName()[pri:0, instance:il.co.fisheye.tests._007_SearchingByHebrewMovieNameTest@33f88ab]" name="_007_SearchingByHebrewMovieName" class="il.co.fisheye.tests._007_SearchingByHebrewMovieNameTest"/>
        <method signature="_008_SearchingByEnglishMovieNameTest._008_SearchingByEnglishMovieName()[pri:0, instance:il.co.fisheye.tests._008_SearchingByEnglishMovieNameTest@27a8c74e]" name="_008_SearchingByEnglishMovieName" class="il.co.fisheye.tests._008_SearchingByEnglishMovieNameTest"/>
      </group> <!-- Group1 -->
    </groups>
    <test name="Grouping" duration-ms="37032" started-at="2019-12-10T16:50:26 IST" finished-at="2019-12-10T16:51:03 IST">
      <class name="il.co.fisheye.tests._008_SearchingByEnglishMovieNameTest">
        <test-method status="PASS" signature="beforeMethod()[pri:0, instance:il.co.fisheye.tests._008_SearchingByEnglishMovieNameTest@27a8c74e]" name="beforeMethod" is-config="true" duration-ms="3661" started-at="2019-12-10T16:50:43 IST" finished-at="2019-12-10T16:50:46 IST">
          <reporter-output>
          </reporter-output>
        </test-method> <!-- beforeMethod -->
        <test-method status="PASS" signature="_008_SearchingByEnglishMovieName()[pri:0, instance:il.co.fisheye.tests._008_SearchingByEnglishMovieNameTest@27a8c74e]" name="_008_SearchingByEnglishMovieName" duration-ms="16533" started-at="2019-12-10T16:50:46 IST" finished-at="2019-12-10T16:51:03 IST">
          <reporter-output>
          </reporter-output>
        </test-method> <!-- _008_SearchingByEnglishMovieName -->
        <test-method status="PASS" signature="faildTest(org.testng.ITestResult)[pri:0, instance:il.co.fisheye.tests._008_SearchingByEnglishMovieNameTest@27a8c74e]" name="faildTest" is-config="true" duration-ms="0" started-at="2019-12-10T16:51:03 IST" finished-at="2019-12-10T16:51:03 IST">
          <params>
            <param index="0">
              <value>
                <![CDATA[[TestResult name=_008_SearchingByEnglishMovieName status=SUCCESS method=_008_SearchingByEnglishMovieNameTest._008_SearchingByEnglishMovieName()[pri:0, instance:il.co.fisheye.tests._008_SearchingByEnglishMovieNameTest@27a8c74e] output={null}]]]>
              </value>
            </param>
          </params>
          <reporter-output>
          </reporter-output>
        </test-method> <!-- faildTest -->
      </class> <!-- il.co.fisheye.tests._008_SearchingByEnglishMovieNameTest -->
      <class name="il.co.fisheye.tests._007_SearchingByHebrewMovieNameTest">
        <test-method status="PASS" signature="beforeMethod()[pri:0, instance:il.co.fisheye.tests._007_SearchingByHebrewMovieNameTest@33f88ab]" name="beforeMethod" is-config="true" duration-ms="5081" started-at="2019-12-10T16:50:26 IST" finished-at="2019-12-10T16:50:31 IST">
          <reporter-output>
          </reporter-output>
        </test-method> <!-- beforeMethod -->
        <test-method status="PASS" signature="_007_SearchingByHebrewMovieName()[pri:0, instance:il.co.fisheye.tests._007_SearchingByHebrewMovieNameTest@33f88ab]" name="_007_SearchingByHebrewMovieName" duration-ms="11669" started-at="2019-12-10T16:50:31 IST" finished-at="2019-12-10T16:50:43 IST">
          <reporter-output>
          </reporter-output>
        </test-method> <!-- _007_SearchingByHebrewMovieName -->
        <test-method status="PASS" signature="faildTest(org.testng.ITestResult)[pri:0, instance:il.co.fisheye.tests._007_SearchingByHebrewMovieNameTest@33f88ab]" name="faildTest" is-config="true" duration-ms="3" started-at="2019-12-10T16:50:43 IST" finished-at="2019-12-10T16:50:43 IST">
          <params>
            <param index="0">
              <value>
                <![CDATA[[TestResult name=_007_SearchingByHebrewMovieName status=SUCCESS method=_007_SearchingByHebrewMovieNameTest._007_SearchingByHebrewMovieName()[pri:0, instance:il.co.fisheye.tests._007_SearchingByHebrewMovieNameTest@33f88ab] output={null}]]]>
              </value>
            </param>
          </params>
          <reporter-output>
          </reporter-output>
        </test-method> <!-- faildTest -->
        <test-method status="PASS" signature="afterClass()[pri:0, instance:il.co.fisheye.tests._007_SearchingByHebrewMovieNameTest@33f88ab]" name="afterClass" is-config="true" duration-ms="42" started-at="2019-12-10T16:51:03 IST" finished-at="2019-12-10T16:51:03 IST">
          <reporter-output>
          </reporter-output>
        </test-method> <!-- afterClass -->
      </class> <!-- il.co.fisheye.tests._007_SearchingByHebrewMovieNameTest -->
    </test> <!-- Grouping -->
  </suite> <!-- Suite -->
</testng-results>
