<?xml version="1.0" encoding="UTF-8"?>
<testng-results skipped="0" failed="0" ignored="2" total="5" passed="3">
  <reporter-output>
  </reporter-output>
  <suite name="Suite1" duration-ms="60930" started-at="2019-12-09T22:16:35 IST" finished-at="2019-12-09T22:17:36 IST">
    <groups>
    </groups>
    <test name="grouping" duration-ms="60930" started-at="2019-12-09T22:16:35 IST" finished-at="2019-12-09T22:17:36 IST">
      <class name="il.co.fisheye.tests._002_logingWitheCorrectUserNameQPasswordTest">
        <test-method status="PASS" signature="beforeMethod()[pri:0, instance:il.co.fisheye.tests._002_logingWitheCorrectUserNameQPasswordTest@4b1c1ea0]" name="beforeMethod" is-config="true" duration-ms="4332" started-at="2019-12-09T22:16:35 IST" finished-at="2019-12-09T22:16:39 IST">
          <reporter-output>
          </reporter-output>
        </test-method> <!-- beforeMethod -->
        <test-method status="PASS" signature="_002_logingWitheCorrectUserNameQPassword()[pri:0, instance:il.co.fisheye.tests._002_logingWitheCorrectUserNameQPasswordTest@4b1c1ea0]" name="_002_logingWitheCorrectUserNameQPassword" duration-ms="9174" started-at="2019-12-09T22:16:39 IST" finished-at="2019-12-09T22:16:48 IST">
          <reporter-output>
          </reporter-output>
        </test-method> <!-- _002_logingWitheCorrectUserNameQPassword -->
        <test-method status="PASS" signature="faildTest(org.testng.ITestResult)[pri:0, instance:il.co.fisheye.tests._002_logingWitheCorrectUserNameQPasswordTest@4b1c1ea0]" name="faildTest" is-config="true" duration-ms="2" started-at="2019-12-09T22:16:48 IST" finished-at="2019-12-09T22:16:48 IST">
          <params>
            <param index="0">
              <value>
                <![CDATA[[TestResult name=_002_logingWitheCorrectUserNameQPassword status=SUCCESS method=_002_logingWitheCorrectUserNameQPasswordTest._002_logingWitheCorrectUserNameQPassword()[pri:0, instance:il.co.fisheye.tests._002_logingWitheCorrectUserNameQPasswordTest@4b1c1ea0] output={null}]]]>
              </value>
            </param>
          </params>
          <reporter-output>
          </reporter-output>
        </test-method> <!-- faildTest -->
        <test-method status="PASS" signature="afterClass()[pri:0, instance:il.co.fisheye.tests._002_logingWitheCorrectUserNameQPasswordTest@4b1c1ea0]" name="afterClass" is-config="true" duration-ms="40" started-at="2019-12-09T22:17:36 IST" finished-at="2019-12-09T22:17:36 IST">
          <reporter-output>
          </reporter-output>
        </test-method> <!-- afterClass -->
      </class> <!-- il.co.fisheye.tests._002_logingWitheCorrectUserNameQPasswordTest -->
      <class name="il.co.fisheye.tests._004_changeUserNameTest">
        <test-method status="PASS" signature="beforeMethod()[pri:0, instance:il.co.fisheye.tests._004_changeUserNameTest@17579e0f]" name="beforeMethod" is-config="true" duration-ms="3642" started-at="2019-12-09T22:16:48 IST" finished-at="2019-12-09T22:16:52 IST">
          <reporter-output>
          </reporter-output>
        </test-method> <!-- beforeMethod -->
        <test-method status="PASS" signature="_004_changeUserName()[pri:0, instance:il.co.fisheye.tests._004_changeUserNameTest@17579e0f]" name="_004_changeUserName" duration-ms="23685" started-at="2019-12-09T22:16:52 IST" finished-at="2019-12-09T22:17:16 IST">
          <reporter-output>
          </reporter-output>
        </test-method> <!-- _004_changeUserName -->
        <test-method status="PASS" signature="faildTest(org.testng.ITestResult)[pri:0, instance:il.co.fisheye.tests._004_changeUserNameTest@17579e0f]" name="faildTest" is-config="true" duration-ms="1" started-at="2019-12-09T22:17:16 IST" finished-at="2019-12-09T22:17:16 IST">
          <params>
            <param index="0">
              <value>
                <![CDATA[[TestResult name=_004_changeUserName status=SUCCESS method=_004_changeUserNameTest._004_changeUserName()[pri:0, instance:il.co.fisheye.tests._004_changeUserNameTest@17579e0f] output={null}]]]>
              </value>
            </param>
          </params>
          <reporter-output>
          </reporter-output>
        </test-method> <!-- faildTest -->
      </class> <!-- il.co.fisheye.tests._004_changeUserNameTest -->
      <class name="il.co.fisheye.tests._005_SystemLogOutTest">
        <test-method status="PASS" signature="beforeMethod()[pri:0, instance:il.co.fisheye.tests._005_SystemLogOutTest@4d41cee]" name="beforeMethod" is-config="true" duration-ms="3682" started-at="2019-12-09T22:17:16 IST" finished-at="2019-12-09T22:17:19 IST">
          <reporter-output>
          </reporter-output>
        </test-method> <!-- beforeMethod -->
        <test-method status="PASS" signature="_005_SystemLogOut()[pri:0, instance:il.co.fisheye.tests._005_SystemLogOutTest@4d41cee]" name="_005_SystemLogOut" duration-ms="16312" started-at="2019-12-09T22:17:19 IST" finished-at="2019-12-09T22:17:36 IST">
          <reporter-output>
          </reporter-output>
        </test-method> <!-- _005_SystemLogOut -->
        <test-method status="PASS" signature="faildTest(org.testng.ITestResult)[pri:0, instance:il.co.fisheye.tests._005_SystemLogOutTest@4d41cee]" name="faildTest" is-config="true" duration-ms="0" started-at="2019-12-09T22:17:36 IST" finished-at="2019-12-09T22:17:36 IST">
          <params>
            <param index="0">
              <value>
                <![CDATA[[TestResult name=_005_SystemLogOut status=SUCCESS method=_005_SystemLogOutTest._005_SystemLogOut()[pri:0, instance:il.co.fisheye.tests._005_SystemLogOutTest@4d41cee] output={null}]]]>
              </value>
            </param>
          </params>
          <reporter-output>
          </reporter-output>
        </test-method> <!-- faildTest -->
      </class> <!-- il.co.fisheye.tests._005_SystemLogOutTest -->
    </test> <!-- grouping -->
  </suite> <!-- Suite1 -->
</testng-results>
